<?xml version="1.0" encoding="UTF-8"?>
<!-- Generated by org.testng.reporters.JUnitXMLReporter -->
<testsuite hostname="antony-pc" name="Test" tests="1" failures="0" timestamp="29 Apr 2018 06:36:31 GMT" time="49.986" errors="0">
  <testcase name="@BeforeClass beforeClass" time="0.0" classname="tests.NewTest">
    <failure type="org.openqa.selenium.WebDriverException" message="Failed to connect to binary FirefoxBinary(C:\Program Files\Mozilla Firefox\firefox.exe) on port 7055; process output follows: 
itory	DEBUG	No addons.json found.
1524983766406	addons.manager	DEBUG	Starting provider: PreviousExperimentProvider
1524983766406	addons.manager	DEBUG	Registering shutdown blocker for PreviousExperimentProvider
1524983766406	addons.manager	DEBUG	Provider finished startup: PreviousExperimentProvider
1524983767186	addons.xpi-utils	DEBUG	XPI Database saved, setting schema version preference to 24
1524983769696	addons.xpi	INFO	Mapping fxdriver@googlecode.com to C:\Users\antony\AppData\Local\Temp\anonymous5077635795106014116webdriver-profile\extensions\fxdriver@googlecode.com
1524983769698	addons.xpi	DEBUG	Ignoring file entry whose name is not a valid add-on ID: C:\Users\antony\AppData\Local\Temp\anonymous5077635795106014116webdriver-profile\extensions\webdriver-staging
1524983769698	addons.xpi	DEBUG	Existing add-on fxdriver@googlecode.com in app-profile
1524983769700	addons.xpi	INFO	Mapping activity-stream@mozilla.org to C:\Program Files\Mozilla Firefox\browser\features\activity-stream@mozilla.org.xpi
1524983769700	addons.xpi	INFO	Mapping aushelper@mozilla.org to C:\Program Files\Mozilla Firefox\browser\features\aushelper@mozilla.org.xpi
1524983769700	addons.xpi	INFO	Mapping firefox@getpocket.com to C:\Program Files\Mozilla Firefox\browser\features\firefox@getpocket.com.xpi
1524983769700	addons.xpi	INFO	Mapping followonsearch@mozilla.com to C:\Program Files\Mozilla Firefox\browser\features\followonsearch@mozilla.com.xpi
1524983769700	addons.xpi	INFO	Mapping formautofill@mozilla.org to C:\Program Files\Mozilla Firefox\browser\features\formautofill@mozilla.org.xpi
1524983769700	addons.xpi	INFO	Mapping onboarding@mozilla.org to C:\Program Files\Mozilla Firefox\browser\features\onboarding@mozilla.org.xpi
1524983769700	addons.xpi	INFO	Mapping screenshots@mozilla.org to C:\Program Files\Mozilla Firefox\browser\features\screenshots@mozilla.org.xpi
1524983769702	addons.xpi	INFO	Mapping shield-recipe-client@mozilla.org to C:\Program Files\Mozilla Firefox\browser\features\shield-recipe-client@mozilla.org.xpi
1524983769702	addons.xpi	INFO	Mapping webcompat@mozilla.org to C:\Program Files\Mozilla Firefox\browser\features\webcompat@mozilla.org.xpi
1524983769704	addons.xpi	DEBUG	Existing add-on activity-stream@mozilla.org in app-system-defaults
1524983769704	addons.xpi	DEBUG	Existing add-on aushelper@mozilla.org in app-system-defaults
1524983769706	addons.xpi	DEBUG	Existing add-on firefox@getpocket.com in app-system-defaults
1524983769706	addons.xpi	DEBUG	Existing add-on followonsearch@mozilla.com in app-system-defaults
1524983769708	addons.xpi	DEBUG	Existing add-on formautofill@mozilla.org in app-system-defaults
1524983769708	addons.xpi	DEBUG	Existing add-on onboarding@mozilla.org in app-system-defaults
1524983769710	addons.xpi	DEBUG	Existing add-on screenshots@mozilla.org in app-system-defaults
1524983769710	addons.xpi	DEBUG	Existing add-on shield-recipe-client@mozilla.org in app-system-defaults
1524983769712	addons.xpi	DEBUG	Existing add-on webcompat@mozilla.org in app-system-defaults
1524983769714	addons.xpi	INFO	Mapping {972ce4c6-7e08-4474-a285-3208198ce6fd} to C:\Program Files\Mozilla Firefox\browser\extensions\{972ce4c6-7e08-4474-a285-3208198ce6fd}.xpi
1524983769714	addons.xpi	DEBUG	Existing add-on {972ce4c6-7e08-4474-a285-3208198ce6fd} in app-global
1524983769714	addons.xpi	DEBUG	getInstallState changed: false, state: {}
1524983783158	addons.productaddons	INFO	sending request to: https://aus5.mozilla.org/update/3/GMP/59.0.2/20180323154952/WINNT_x86-msvc-x86/en-US/release/Windows_NT%206.1.1.0.7601%20(x86)/default/default/update.xml
1524983783954	addons.productaddons	INFO	Completed downloading document
1524983785290	addons.productaddons	INFO	downloadXHR File download. status=200
1524983785302	addons.productaddons	INFO	Downloaded file will be saved to C:\Users\antony\AppData\Local\Temp\tmpaddon-2a537c
1524983788130	addons.productaddons	INFO	downloadXHR File download. status=200
1524983788136	addons.productaddons	INFO	Downloaded file will be saved to C:\Users\antony\AppData\Local\Temp\tmpaddon-89abd6

Build info: version: &amp;apos;2.53.0&amp;apos;, revision: &amp;apos;35ae25b1534ae328c771e0856c93e187490ca824&amp;apos;, time: &amp;apos;2016-03-15 10:43:46&amp;apos;
System info: host: &amp;apos;antony-pc&amp;apos;, ip: &amp;apos;192.168.0.3&amp;apos;, os.name: &amp;apos;Windows 7&amp;apos;, os.arch: &amp;apos;x86&amp;apos;, os.version: &amp;apos;6.1&amp;apos;, java.version: &amp;apos;1.8.0_151&amp;apos;
Driver info: driver.version: FirefoxDriver">
      <![CDATA[org.openqa.selenium.WebDriverException: Failed to connect to binary FirefoxBinary(C:\Program Files\Mozilla Firefox\firefox.exe) on port 7055; process output follows: 
itory	DEBUG	No addons.json found.
1524983766406	addons.manager	DEBUG	Starting provider: PreviousExperimentProvider
1524983766406	addons.manager	DEBUG	Registering shutdown blocker for PreviousExperimentProvider
1524983766406	addons.manager	DEBUG	Provider finished startup: PreviousExperimentProvider
1524983767186	addons.xpi-utils	DEBUG	XPI Database saved, setting schema version preference to 24
1524983769696	addons.xpi	INFO	Mapping fxdriver@googlecode.com to C:\Users\antony\AppData\Local\Temp\anonymous5077635795106014116webdriver-profile\extensions\fxdriver@googlecode.com
1524983769698	addons.xpi	DEBUG	Ignoring file entry whose name is not a valid add-on ID: C:\Users\antony\AppData\Local\Temp\anonymous5077635795106014116webdriver-profile\extensions\webdriver-staging
1524983769698	addons.xpi	DEBUG	Existing add-on fxdriver@googlecode.com in app-profile
1524983769700	addons.xpi	INFO	Mapping activity-stream@mozilla.org to C:\Program Files\Mozilla Firefox\browser\features\activity-stream@mozilla.org.xpi
1524983769700	addons.xpi	INFO	Mapping aushelper@mozilla.org to C:\Program Files\Mozilla Firefox\browser\features\aushelper@mozilla.org.xpi
1524983769700	addons.xpi	INFO	Mapping firefox@getpocket.com to C:\Program Files\Mozilla Firefox\browser\features\firefox@getpocket.com.xpi
1524983769700	addons.xpi	INFO	Mapping followonsearch@mozilla.com to C:\Program Files\Mozilla Firefox\browser\features\followonsearch@mozilla.com.xpi
1524983769700	addons.xpi	INFO	Mapping formautofill@mozilla.org to C:\Program Files\Mozilla Firefox\browser\features\formautofill@mozilla.org.xpi
1524983769700	addons.xpi	INFO	Mapping onboarding@mozilla.org to C:\Program Files\Mozilla Firefox\browser\features\onboarding@mozilla.org.xpi
1524983769700	addons.xpi	INFO	Mapping screenshots@mozilla.org to C:\Program Files\Mozilla Firefox\browser\features\screenshots@mozilla.org.xpi
1524983769702	addons.xpi	INFO	Mapping shield-recipe-client@mozilla.org to C:\Program Files\Mozilla Firefox\browser\features\shield-recipe-client@mozilla.org.xpi
1524983769702	addons.xpi	INFO	Mapping webcompat@mozilla.org to C:\Program Files\Mozilla Firefox\browser\features\webcompat@mozilla.org.xpi
1524983769704	addons.xpi	DEBUG	Existing add-on activity-stream@mozilla.org in app-system-defaults
1524983769704	addons.xpi	DEBUG	Existing add-on aushelper@mozilla.org in app-system-defaults
1524983769706	addons.xpi	DEBUG	Existing add-on firefox@getpocket.com in app-system-defaults
1524983769706	addons.xpi	DEBUG	Existing add-on followonsearch@mozilla.com in app-system-defaults
1524983769708	addons.xpi	DEBUG	Existing add-on formautofill@mozilla.org in app-system-defaults
1524983769708	addons.xpi	DEBUG	Existing add-on onboarding@mozilla.org in app-system-defaults
1524983769710	addons.xpi	DEBUG	Existing add-on screenshots@mozilla.org in app-system-defaults
1524983769710	addons.xpi	DEBUG	Existing add-on shield-recipe-client@mozilla.org in app-system-defaults
1524983769712	addons.xpi	DEBUG	Existing add-on webcompat@mozilla.org in app-system-defaults
1524983769714	addons.xpi	INFO	Mapping {972ce4c6-7e08-4474-a285-3208198ce6fd} to C:\Program Files\Mozilla Firefox\browser\extensions\{972ce4c6-7e08-4474-a285-3208198ce6fd}.xpi
1524983769714	addons.xpi	DEBUG	Existing add-on {972ce4c6-7e08-4474-a285-3208198ce6fd} in app-global
1524983769714	addons.xpi	DEBUG	getInstallState changed: false, state: {}
1524983783158	addons.productaddons	INFO	sending request to: https://aus5.mozilla.org/update/3/GMP/59.0.2/20180323154952/WINNT_x86-msvc-x86/en-US/release/Windows_NT%206.1.1.0.7601%20(x86)/default/default/update.xml
1524983783954	addons.productaddons	INFO	Completed downloading document
1524983785290	addons.productaddons	INFO	downloadXHR File download. status=200
1524983785302	addons.productaddons	INFO	Downloaded file will be saved to C:\Users\antony\AppData\Local\Temp\tmpaddon-2a537c
1524983788130	addons.productaddons	INFO	downloadXHR File download. status=200
1524983788136	addons.productaddons	INFO	Downloaded file will be saved to C:\Users\antony\AppData\Local\Temp\tmpaddon-89abd6

Build info: version: '2.53.0', revision: '35ae25b1534ae328c771e0856c93e187490ca824', time: '2016-03-15 10:43:46'
System info: host: 'antony-pc', ip: '192.168.0.3', os.name: 'Windows 7', os.arch: 'x86', os.version: '6.1', java.version: '1.8.0_151'
Driver info: driver.version: FirefoxDriver
	at org.openqa.selenium.firefox.internal.NewProfileExtensionConnection.start(NewProfileExtensionConnection.java:125)
	at org.openqa.selenium.firefox.FirefoxDriver.startClient(FirefoxDriver.java:271)
	at org.openqa.selenium.remote.RemoteWebDriver.<init>(RemoteWebDriver.java:119)
	at org.openqa.selenium.firefox.FirefoxDriver.<init>(FirefoxDriver.java:216)
	at org.openqa.selenium.firefox.FirefoxDriver.<init>(FirefoxDriver.java:211)
	at org.openqa.selenium.firefox.FirefoxDriver.<init>(FirefoxDriver.java:207)
	at org.openqa.selenium.firefox.FirefoxDriver.<init>(FirefoxDriver.java:120)
	at tests.NewTest.beforeClass(NewTest.java:22)
Caused by: org.openqa.selenium.firefox.NotConnectedException: Unable to connect to host 127.0.0.1 on port 7055 after 45000 ms. Firefox console output:
itory	DEBUG	No addons.json found.
1524983766406	addons.manager	DEBUG	Starting provider: PreviousExperimentProvider
1524983766406	addons.manager	DEBUG	Registering shutdown blocker for PreviousExperimentProvider
1524983766406	addons.manager	DEBUG	Provider finished startup: PreviousExperimentProvider
1524983767186	addons.xpi-utils	DEBUG	XPI Database saved, setting schema version preference to 24
1524983769696	addons.xpi	INFO	Mapping fxdriver@googlecode.com to C:\Users\antony\AppData\Local\Temp\anonymous5077635795106014116webdriver-profile\extensions\fxdriver@googlecode.com
1524983769698	addons.xpi	DEBUG	Ignoring file entry whose name is not a valid add-on ID: C:\Users\antony\AppData\Local\Temp\anonymous5077635795106014116webdriver-profile\extensions\webdriver-staging
1524983769698	addons.xpi	DEBUG	Existing add-on fxdriver@googlecode.com in app-profile
1524983769700	addons.xpi	INFO	Mapping activity-stream@mozilla.org to C:\Program Files\Mozilla Firefox\browser\features\activity-stream@mozilla.org.xpi
1524983769700	addons.xpi	INFO	Mapping aushelper@mozilla.org to C:\Program Files\Mozilla Firefox\browser\features\aushelper@mozilla.org.xpi
1524983769700	addons.xpi	INFO	Mapping firefox@getpocket.com to C:\Program Files\Mozilla Firefox\browser\features\firefox@getpocket.com.xpi
1524983769700	addons.xpi	INFO	Mapping followonsearch@mozilla.com to C:\Program Files\Mozilla Firefox\browser\features\followonsearch@mozilla.com.xpi
1524983769700	addons.xpi	INFO	Mapping formautofill@mozilla.org to C:\Program Files\Mozilla Firefox\browser\features\formautofill@mozilla.org.xpi
1524983769700	addons.xpi	INFO	Mapping onboarding@mozilla.org to C:\Program Files\Mozilla Firefox\browser\features\onboarding@mozilla.org.xpi
1524983769700	addons.xpi	INFO	Mapping screenshots@mozilla.org to C:\Program Files\Mozilla Firefox\browser\features\screenshots@mozilla.org.xpi
1524983769702	addons.xpi	INFO	Mapping shield-recipe-client@mozilla.org to C:\Program Files\Mozilla Firefox\browser\features\shield-recipe-client@mozilla.org.xpi
1524983769702	addons.xpi	INFO	Mapping webcompat@mozilla.org to C:\Program Files\Mozilla Firefox\browser\features\webcompat@mozilla.org.xpi
1524983769704	addons.xpi	DEBUG	Existing add-on activity-stream@mozilla.org in app-system-defaults
1524983769704	addons.xpi	DEBUG	Existing add-on aushelper@mozilla.org in app-system-defaults
1524983769706	addons.xpi	DEBUG	Existing add-on firefox@getpocket.com in app-system-defaults
1524983769706	addons.xpi	DEBUG	Existing add-on followonsearch@mozilla.com in app-system-defaults
1524983769708	addons.xpi	DEBUG	Existing add-on formautofill@mozilla.org in app-system-defaults
1524983769708	addons.xpi	DEBUG	Existing add-on onboarding@mozilla.org in app-system-defaults
1524983769710	addons.xpi	DEBUG	Existing add-on screenshots@mozilla.org in app-system-defaults
1524983769710	addons.xpi	DEBUG	Existing add-on shield-recipe-client@mozilla.org in app-system-defaults
1524983769712	addons.xpi	DEBUG	Existing add-on webcompat@mozilla.org in app-system-defaults
1524983769714	addons.xpi	INFO	Mapping {972ce4c6-7e08-4474-a285-3208198ce6fd} to C:\Program Files\Mozilla Firefox\browser\extensions\{972ce4c6-7e08-4474-a285-3208198ce6fd}.xpi
1524983769714	addons.xpi	DEBUG	Existing add-on {972ce4c6-7e08-4474-a285-3208198ce6fd} in app-global
1524983769714	addons.xpi	DEBUG	getInstallState changed: false, state: {}
1524983783158	addons.productaddons	INFO	sending request to: https://aus5.mozilla.org/update/3/GMP/59.0.2/20180323154952/WINNT_x86-msvc-x86/en-US/release/Windows_NT%206.1.1.0.7601%20(x86)/default/default/update.xml
1524983783954	addons.productaddons	INFO	Completed downloading document
1524983785290	addons.productaddons	INFO	downloadXHR File download. status=200
1524983785302	addons.productaddons	INFO	Downloaded file will be saved to C:\Users\antony\AppData\Local\Temp\tmpaddon-2a537c
1524983788130	addons.productaddons	INFO	downloadXHR File download. status=200
1524983788136	addons.productaddons	INFO	Downloaded file will be saved to C:\Users\antony\AppData\Local\Temp\tmpaddon-89abd6

	at org.openqa.selenium.firefox.internal.NewProfileExtensionConnection.start(NewProfileExtensionConnection.java:113)
	... 31 more
... Removed 24 stack frames]]>
    </failure>
  </testcase> <!-- @BeforeClass beforeClass -->
  <testcase name="@AfterClass afterClass" time="0.0" classname="tests.NewTest">
    <skipped/>
  </testcase> <!-- @AfterClass afterClass -->
  <testcase name="openMyBlog" time="0.002" classname="tests.NewTest">
    <skipped/>
  </testcase> <!-- openMyBlog -->
</testsuite> <!-- Test -->
